A	B
0.5438	0.4562
0.6492	0.3508
0.9647	0.0353
0.9936	0.0064
0.9957	0.0043
0.9891	0.0109
0.9154	0.0846
0.964	0.036
0.8737	0.1263
0.8167	0.1833
A0
fwd:0.2265	bwd:2.7155031052640616e-05
softDecoding score:A0:0.543808916049139

B0
fwd:0.2465	bwd:2.093158210837787e-05
softDecoding score:B0:0.456191083950861

A1
fwd:0.05014580850000001	bwd:0.00014641881110432817
softDecoding score:A1:0.6491713244181421

B1
fwd:0.0982831855	bwd:4.037272337599324e-05
softDecoding score:B1:0.35082867558185776

A2
fwd:0.02424053763015	bwd:0.00045010507917843433
softDecoding score:A2:0.964681556054572

B2
fwd:0.0032135038465	bwd:0.00012430681053232122
softDecoding score:B2:0.035318443945427914

A3
fwd:0.00812242788227244	bwd:0.0013835927706103883
softDecoding score:A3:0.9936237458533239

B3
fwd:0.00018552931274325402	bwd:0.0003887096025718011
softDecoding score:B3:0.006376254146675927

A4
fwd:0.0026492923643238134	bwd:0.004250655832177643
softDecoding score:A4:0.9956659237728355

B4
fwd:3.464498843840157e-05	bwd:0.0014149083544561592
softDecoding score:B4:0.004334076227164441

A5
fwd:0.00086201996684961	bwd:0.012978019391048012
softDecoding score:A5:0.9891304185958109

B5
fwd:1.0501318059970617e-05	bwd:0.011706880716436982
softDecoding score:B5:0.01086958140418904

A6
fwd:0.0001504496476506746	bwd:0.06881496467023505
softDecoding score:A6:0.9153809707336851

B6
fwd:3.9614113074423194e-05	bwd:0.024159630523841923
softDecoding score:B6:0.08461902926631495

A7
fwd:5.200862625750097e-05	bwd:0.20964575324
softDecoding score:A7:0.9640271511628047

B7
fwd:1.7588845573745897e-06	bwd:0.23131813551999997
softDecoding score:B7:0.03597284883719514

A8
fwd:2.1644740542448152e-05	bwd:0.45656
softDecoding score:A8:0.8737316291602154

B8
fwd:2.9514069212989093e-06	bwd:0.48388
softDecoding score:B8:0.12626837083978454

A9
fwd:9.237249573738569e-06	bwd:1
softDecoding score:A9:0.8167149234719551

B9
fwd:2.072999949399677e-06	bwd:1
softDecoding score:B9:0.18328507652804493

